Vivado Simulator 2017.4
Copyright 1986-1999, 2001-2016 Xilinx, Inc. All Rights Reserved.
Running: C:/Xilinx/Vivado/2017.4/bin/unwrapped/win64.o/xelab.exe -wto 4543bc7ce7e14663b9d62d5314c57e91 --incr --debug typical --relax --mt 2 -L xil_defaultlib -L secureip --snapshot TEST_behav xil_defaultlib.TEST -log elaborate.log 
Using 2 slave threads.
Starting static elaboration
Completed static elaboration
Starting simulation data flow analysis
Completed simulation data flow analysis
Time Resolution for simulation is 1ps
Compiling package std.standard
Compiling package std.textio
Compiling package ieee.std_logic_1164
Compiling package ieee.numeric_std
Compiling architecture behavioral of entity xil_defaultlib.H1 [h1_default]
Compiling architecture behavioral of entity xil_defaultlib.CB4CLE [cb4cle_default]
Compiling architecture behavioral of entity xil_defaultlib.H2 [h2_default]
Compiling architecture behavioral of entity xil_defaultlib.FDCE [fdce_default]
Compiling architecture behavioral of entity xil_defaultlib.FDRSE [fdrse_default]
Compiling architecture behavioral of entity xil_defaultlib.x74_194 [x74_194_default]
Compiling architecture behavioral of entity xil_defaultlib.Transmisia [transmisia_default]
Compiling architecture behavioral of entity xil_defaultlib.test
Built simulation snapshot TEST_behav
