Vivado Simulator 2017.4
Time resolution is 1 ps
Note: sunt in reset
Time: 0 ps  Iteration: 0  Process: /TEST/transmis/H2_comp/line__27  File: C:/Users/mihai/Desktop/CN2 - Laboratore/Asynchronous serial communication/protocol_transmition.srcs/sources_1/new/H2.vhd
Note: sunt in reset
Time: 0 ps  Iteration: 1  Process: /TEST/transmis/H2_comp/line__27  File: C:/Users/mihai/Desktop/CN2 - Laboratore/Asynchronous serial communication/protocol_transmition.srcs/sources_1/new/H2.vhd
Note: sunt in reset
Time: 5 ns  Iteration: 1  Process: /TEST/transmis/H2_comp/line__27  File: C:/Users/mihai/Desktop/CN2 - Laboratore/Asynchronous serial communication/protocol_transmition.srcs/sources_1/new/H2.vhd
Note: starea S0 si in START 1
Time: 10 ns  Iteration: 1  Process: /TEST/transmis/H2_comp/line__27  File: C:/Users/mihai/Desktop/CN2 - Laboratore/Asynchronous serial communication/protocol_transmition.srcs/sources_1/new/H2.vhd
Note: sunt in reset
Time: 160 ns  Iteration: 1  Process: /TEST/transmis/H2_comp/line__27  File: C:/Users/mihai/Desktop/CN2 - Laboratore/Asynchronous serial communication/protocol_transmition.srcs/sources_1/new/H2.vhd
Note: sunt in reset
Time: 165 ns  Iteration: 1  Process: /TEST/transmis/H2_comp/line__27  File: C:/Users/mihai/Desktop/CN2 - Laboratore/Asynchronous serial communication/protocol_transmition.srcs/sources_1/new/H2.vhd
Note: starea S0 si in START 1
Time: 170 ns  Iteration: 1  Process: /TEST/transmis/H2_comp/line__27  File: C:/Users/mihai/Desktop/CN2 - Laboratore/Asynchronous serial communication/protocol_transmition.srcs/sources_1/new/H2.vhd
Note: sunt in reset
Time: 320 ns  Iteration: 1  Process: /TEST/transmis/H2_comp/line__27  File: C:/Users/mihai/Desktop/CN2 - Laboratore/Asynchronous serial communication/protocol_transmition.srcs/sources_1/new/H2.vhd
Note: sunt in reset
Time: 325 ns  Iteration: 1  Process: /TEST/transmis/H2_comp/line__27  File: C:/Users/mihai/Desktop/CN2 - Laboratore/Asynchronous serial communication/protocol_transmition.srcs/sources_1/new/H2.vhd
Note: starea S0 si in START 1
Time: 330 ns  Iteration: 1  Process: /TEST/transmis/H2_comp/line__27  File: C:/Users/mihai/Desktop/CN2 - Laboratore/Asynchronous serial communication/protocol_transmition.srcs/sources_1/new/H2.vhd
Note: sunt in reset
Time: 500 ns  Iteration: 1  Process: /TEST/transmis/H2_comp/line__27  File: C:/Users/mihai/Desktop/CN2 - Laboratore/Asynchronous serial communication/protocol_transmition.srcs/sources_1/new/H2.vhd
Note: sunt in reset
Time: 505 ns  Iteration: 1  Process: /TEST/transmis/H2_comp/line__27  File: C:/Users/mihai/Desktop/CN2 - Laboratore/Asynchronous serial communication/protocol_transmition.srcs/sources_1/new/H2.vhd
Note: starea S0 si in START 1
Time: 510 ns  Iteration: 1  Process: /TEST/transmis/H2_comp/line__27  File: C:/Users/mihai/Desktop/CN2 - Laboratore/Asynchronous serial communication/protocol_transmition.srcs/sources_1/new/H2.vhd
Note: sunt in reset
Time: 660 ns  Iteration: 1  Process: /TEST/transmis/H2_comp/line__27  File: C:/Users/mihai/Desktop/CN2 - Laboratore/Asynchronous serial communication/protocol_transmition.srcs/sources_1/new/H2.vhd
Note: sunt in reset
Time: 665 ns  Iteration: 1  Process: /TEST/transmis/H2_comp/line__27  File: C:/Users/mihai/Desktop/CN2 - Laboratore/Asynchronous serial communication/protocol_transmition.srcs/sources_1/new/H2.vhd
Note: starea S0 si in START 1
Time: 670 ns  Iteration: 1  Process: /TEST/transmis/H2_comp/line__27  File: C:/Users/mihai/Desktop/CN2 - Laboratore/Asynchronous serial communication/protocol_transmition.srcs/sources_1/new/H2.vhd
Note: sunt in reset
Time: 840 ns  Iteration: 1  Process: /TEST/transmis/H2_comp/line__27  File: C:/Users/mihai/Desktop/CN2 - Laboratore/Asynchronous serial communication/protocol_transmition.srcs/sources_1/new/H2.vhd
Note: sunt in reset
Time: 845 ns  Iteration: 1  Process: /TEST/transmis/H2_comp/line__27  File: C:/Users/mihai/Desktop/CN2 - Laboratore/Asynchronous serial communication/protocol_transmition.srcs/sources_1/new/H2.vhd
Note: starea S0 si in START 1
Time: 850 ns  Iteration: 1  Process: /TEST/transmis/H2_comp/line__27  File: C:/Users/mihai/Desktop/CN2 - Laboratore/Asynchronous serial communication/protocol_transmition.srcs/sources_1/new/H2.vhd
Note: sunt in reset
Time: 1 us  Iteration: 1  Process: /TEST/transmis/H2_comp/line__27  File: C:/Users/mihai/Desktop/CN2 - Laboratore/Asynchronous serial communication/protocol_transmition.srcs/sources_1/new/H2.vhd
